This file contains any messages produced by compilers while
running configure, to aid debugging if configure makes a mistake.

It was created by configure, which was
generated by GNU Autoconf 2.67.  Invocation command line was

  $ ./configure 

## --------- ##
## Platform. ##
## --------- ##

hostname = satelite
uname -m = i686
uname -r = 2.6.32-5-686
uname -s = Linux
uname -v = #1 SMP Thu Nov 25 18:43:34 UTC 2010

/usr/bin/uname -p = unknown
/bin/uname -X     = unknown

/bin/arch              = unknown
/usr/bin/arch -k       = unknown
/usr/convex/getsysinfo = unknown
/usr/bin/hostinfo      = unknown
/bin/machine           = unknown
/usr/bin/oslevel       = unknown
/bin/universe          = unknown

PATH: ~/bin
PATH: /home/stress/tmp/android-sdk-linux_86/tools
PATH: ~/bin
PATH: /home/stress/tmp/android-sdk-linux_86/tools
PATH: ~/bin
PATH: /home/stress/tmp/android-sdk-linux_86/tools
PATH: /home/stress/bin
PATH: /usr/local/bin
PATH: /usr/bin
PATH: /bin
PATH: /usr/games


## ----------- ##
## Core tests. ##
## ----------- ##

configure:2512: checking for a BSD-compatible install
configure:2580: result: /usr/bin/install -c
configure:2591: checking whether build environment is sane
configure:2641: result: yes
configure:2782: checking for a thread-safe mkdir -p
configure:2821: result: /bin/mkdir -p
configure:2834: checking for gawk
configure:2850: found /usr/bin/gawk
configure:2861: result: gawk
configure:2872: checking whether make sets $(MAKE)
configure:2894: result: yes
configure:2968: checking whether NLS is requested
configure:2977: result: yes
configure:3018: checking for msgfmt
configure: trying /usr/bin/msgfmt...
0 translated messages.
configure:3050: result: /usr/bin/msgfmt
configure:3059: checking for gmsgfmt
configure:3090: result: /usr/bin/msgfmt
configure:3141: checking for xgettext
configure: trying /usr/bin/xgettext...
/usr/bin/xgettext: warning: file `/dev/null' extension `' is unknown; will try C
configure:3173: result: /usr/bin/xgettext
configure:3219: checking for msgmerge
configure: trying /usr/bin/msgmerge...
configure:3250: result: /usr/bin/msgmerge
configure:3295: checking for style of include used by make
configure:3323: result: GNU
configure:3393: checking for gcc
configure:3409: found /usr/bin/gcc
configure:3420: result: gcc
configure:3649: checking for C compiler version
configure:3658: gcc --version >&5
gcc (Debian 4.4.5-8) 4.4.5
Copyright (C) 2010 Free Software Foundation, Inc.
This is free software; see the source for copying conditions.  There is NO
warranty; not even for MERCHANTABILITY or FITNESS FOR A PARTICULAR PURPOSE.

configure:3669: $? = 0
configure:3658: gcc -v >&5
Using built-in specs.
Target: i486-linux-gnu
Configured with: ../src/configure -v --with-pkgversion='Debian 4.4.5-8' --with-bugurl=file:///usr/share/doc/gcc-4.4/README.Bugs --enable-languages=c,c++,fortran,objc,obj-c++ --prefix=/usr --program-suffix=-4.4 --enable-shared --enable-multiarch --enable-linker-build-id --with-system-zlib --libexecdir=/usr/lib --without-included-gettext --enable-threads=posix --with-gxx-include-dir=/usr/include/c++/4.4 --libdir=/usr/lib --enable-nls --enable-clocale=gnu --enable-libstdcxx-debug --enable-objc-gc --enable-targets=all --with-arch-32=i586 --with-tune=generic --enable-checking=release --build=i486-linux-gnu --host=i486-linux-gnu --target=i486-linux-gnu
Thread model: posix
gcc version 4.4.5 (Debian 4.4.5-8) 
configure:3669: $? = 0
configure:3658: gcc -V >&5
gcc: '-V' option must have argument
configure:3669: $? = 1
configure:3658: gcc -qversion >&5
gcc: unrecognized option '-qversion'
gcc: no input files
configure:3669: $? = 1
configure:3689: checking whether the C compiler works
configure:3711: gcc    conftest.c  >&5
configure:3715: $? = 0
configure:3763: result: yes
configure:3766: checking for C compiler default output file name
configure:3768: result: a.out
configure:3774: checking for suffix of executables
configure:3781: gcc -o conftest    conftest.c  >&5
configure:3785: $? = 0
configure:3807: result: 
configure:3829: checking whether we are cross compiling
configure:3837: gcc -o conftest    conftest.c  >&5
configure:3841: $? = 0
configure:3848: ./conftest
configure:3852: $? = 0
configure:3867: result: no
configure:3872: checking for suffix of object files
configure:3894: gcc -c   conftest.c >&5
configure:3898: $? = 0
configure:3919: result: o
configure:3923: checking whether we are using the GNU C compiler
configure:3942: gcc -c   conftest.c >&5
configure:3942: $? = 0
configure:3951: result: yes
configure:3960: checking whether gcc accepts -g
configure:3980: gcc -c -g  conftest.c >&5
configure:3980: $? = 0
configure:4021: result: yes
configure:4038: checking for gcc option to accept ISO C89
configure:4102: gcc  -c -g -O2  conftest.c >&5
configure:4102: $? = 0
configure:4115: result: none needed
configure:4137: checking dependency style of gcc
configure:4247: result: gcc3
configure:4266: checking build system type
configure:4280: result: i686-pc-linux-gnu
configure:4300: checking host system type
configure:4313: result: i686-pc-linux-gnu
configure:4357: checking for ld used by GCC
configure:4421: result: /usr/bin/ld
configure:4428: checking if the linker (/usr/bin/ld) is GNU ld
configure:4441: result: yes
configure:4448: checking for shared library run path origin
configure:4461: result: done
configure:4486: checking how to run the C preprocessor
configure:4517: gcc -E  conftest.c
configure:4517: $? = 0
configure:4531: gcc -E  conftest.c
conftest.c:9:28: error: ac_nonexistent.h: No such file or directory
configure:4531: $? = 1
configure: failed program was:
| /* confdefs.h */
| #define PACKAGE_NAME ""
| #define PACKAGE_TARNAME ""
| #define PACKAGE_VERSION ""
| #define PACKAGE_STRING ""
| #define PACKAGE_BUGREPORT ""
| #define PACKAGE_URL ""
| /* end confdefs.h.  */
| #include <ac_nonexistent.h>
configure:4556: result: gcc -E
configure:4576: gcc -E  conftest.c
configure:4576: $? = 0
configure:4590: gcc -E  conftest.c
conftest.c:9:28: error: ac_nonexistent.h: No such file or directory
configure:4590: $? = 1
configure: failed program was:
| /* confdefs.h */
| #define PACKAGE_NAME ""
| #define PACKAGE_TARNAME ""
| #define PACKAGE_VERSION ""
| #define PACKAGE_STRING ""
| #define PACKAGE_BUGREPORT ""
| #define PACKAGE_URL ""
| /* end confdefs.h.  */
| #include <ac_nonexistent.h>
configure:4619: checking for grep that handles long lines and -e
configure:4677: result: /bin/grep
configure:4682: checking for egrep
configure:4744: result: /bin/grep -E
configure:5302: checking for CFPreferencesCopyAppValue
configure:5320: gcc -o conftest -g -O2   conftest.c  -Wl,-framework -Wl,CoreFoundation >&5
conftest.c:9:42: error: CoreFoundation/CFPreferences.h: No such file or directory
conftest.c: In function 'main':
conftest.c:13: error: 'NULL' undeclared (first use in this function)
conftest.c:13: error: (Each undeclared identifier is reported only once
conftest.c:13: error: for each function it appears in.)
configure:5320: $? = 1
configure: failed program was:
| /* confdefs.h */
| #define PACKAGE_NAME ""
| #define PACKAGE_TARNAME ""
| #define PACKAGE_VERSION ""
| #define PACKAGE_STRING ""
| #define PACKAGE_BUGREPORT ""
| #define PACKAGE_URL ""
| /* end confdefs.h.  */
| #include <CoreFoundation/CFPreferences.h>
| int
| main ()
| {
| CFPreferencesCopyAppValue(NULL, NULL)
|   ;
|   return 0;
| }
configure:5329: result: no
configure:5336: checking for CFLocaleCopyCurrent
configure:5354: gcc -o conftest -g -O2   conftest.c  -Wl,-framework -Wl,CoreFoundation >&5
conftest.c:9:37: error: CoreFoundation/CFLocale.h: No such file or directory
configure:5354: $? = 1
configure: failed program was:
| /* confdefs.h */
| #define PACKAGE_NAME ""
| #define PACKAGE_TARNAME ""
| #define PACKAGE_VERSION ""
| #define PACKAGE_STRING ""
| #define PACKAGE_BUGREPORT ""
| #define PACKAGE_URL ""
| /* end confdefs.h.  */
| #include <CoreFoundation/CFLocale.h>
| int
| main ()
| {
| CFLocaleCopyCurrent();
|   ;
|   return 0;
| }
configure:5363: result: no
configure:5412: checking for GNU gettext in libc
configure:5432: gcc -o conftest -g -O2   conftest.c  >&5
configure:5432: $? = 0
configure:5441: result: yes
configure:6232: checking whether to use NLS
configure:6234: result: yes
configure:6237: checking where the gettext function comes from
configure:6248: result: libc
configure:6367: checking for g++
configure:6383: found /usr/bin/g++
configure:6394: result: g++
configure:6421: checking for C++ compiler version
configure:6430: g++ --version >&5
g++ (Debian 4.4.5-8) 4.4.5
Copyright (C) 2010 Free Software Foundation, Inc.
This is free software; see the source for copying conditions.  There is NO
warranty; not even for MERCHANTABILITY or FITNESS FOR A PARTICULAR PURPOSE.

configure:6441: $? = 0
configure:6430: g++ -v >&5
Using built-in specs.
Target: i486-linux-gnu
Configured with: ../src/configure -v --with-pkgversion='Debian 4.4.5-8' --with-bugurl=file:///usr/share/doc/gcc-4.4/README.Bugs --enable-languages=c,c++,fortran,objc,obj-c++ --prefix=/usr --program-suffix=-4.4 --enable-shared --enable-multiarch --enable-linker-build-id --with-system-zlib --libexecdir=/usr/lib --without-included-gettext --enable-threads=posix --with-gxx-include-dir=/usr/include/c++/4.4 --libdir=/usr/lib --enable-nls --enable-clocale=gnu --enable-libstdcxx-debug --enable-objc-gc --enable-targets=all --with-arch-32=i586 --with-tune=generic --enable-checking=release --build=i486-linux-gnu --host=i486-linux-gnu --target=i486-linux-gnu
Thread model: posix
gcc version 4.4.5 (Debian 4.4.5-8) 
configure:6441: $? = 0
configure:6430: g++ -V >&5
g++: '-V' option must have argument
configure:6441: $? = 1
configure:6430: g++ -qversion >&5
g++: unrecognized option '-qversion'
g++: no input files
configure:6441: $? = 1
configure:6445: checking whether we are using the GNU C++ compiler
configure:6464: g++ -c   conftest.cpp >&5
configure:6464: $? = 0
configure:6473: result: yes
configure:6482: checking whether g++ accepts -g
configure:6502: g++ -c -g  conftest.cpp >&5
configure:6502: $? = 0
configure:6543: result: yes
configure:6568: checking dependency style of g++
configure:6678: result: gcc3
configure:6718: checking for a sed that does not truncate output
configure:6782: result: /bin/sed
configure:6800: checking for fgrep
configure:6862: result: /bin/grep -F
configure:6897: checking for ld used by gcc
configure:6964: result: /usr/bin/ld
configure:6971: checking if the linker (/usr/bin/ld) is GNU ld
configure:6986: result: yes
configure:6998: checking for BSD- or MS-compatible name lister (nm)
configure:7047: result: /usr/bin/nm -B
configure:7165: checking the name lister (/usr/bin/nm -B) interface
configure:7172: gcc -c -g -O2  conftest.c >&5
configure:7175: /usr/bin/nm -B "conftest.o"
configure:7178: output
00000000 B some_variable
configure:7185: result: BSD nm
configure:7188: checking whether ln -s works
configure:7192: result: yes
configure:7200: checking the maximum length of command line arguments
configure:7320: result: 1572864
configure:7337: checking whether the shell understands some XSI constructs
configure:7347: result: yes
configure:7351: checking whether the shell understands "+="
configure:7357: result: yes
configure:7392: checking for /usr/bin/ld option to reload object files
configure:7399: result: -r
configure:7468: checking for objdump
configure:7484: found /usr/bin/objdump
configure:7495: result: objdump
configure:7527: checking how to recognize dependent libraries
configure:7723: result: pass_all
configure:7783: checking for ar
configure:7799: found /usr/bin/ar
configure:7810: result: ar
configure:7888: checking for strip
configure:7904: found /usr/bin/strip
configure:7915: result: strip
configure:7987: checking for ranlib
configure:8003: found /usr/bin/ranlib
configure:8014: result: ranlib
configure:8104: checking command to parse /usr/bin/nm -B output from gcc object
configure:8222: gcc -c -g -O2  conftest.c >&5
configure:8225: $? = 0
configure:8229: /usr/bin/nm -B conftest.o \| sed -n -e 's/^.*[	 ]\([ABCDGIRSTW][ABCDGIRSTW]*\)[	 ][	 ]*\([_A-Za-z][_A-Za-z0-9]*\)$/\1 \2 \2/p' \> conftest.nm
configure:8232: $? = 0
configure:8286: gcc -o conftest -g -O2   conftest.c conftstm.o >&5
configure:8289: $? = 0
configure:8327: result: ok
configure:9130: checking for ANSI C header files
configure:9150: gcc -c -g -O2  conftest.c >&5
configure:9150: $? = 0
configure:9223: gcc -o conftest -g -O2   conftest.c  >&5
configure:9223: $? = 0
configure:9223: ./conftest
configure:9223: $? = 0
configure:9234: result: yes
configure:9247: checking for sys/types.h
configure:9247: gcc -c -g -O2  conftest.c >&5
configure:9247: $? = 0
configure:9247: result: yes
configure:9247: checking for sys/stat.h
configure:9247: gcc -c -g -O2  conftest.c >&5
configure:9247: $? = 0
configure:9247: result: yes
configure:9247: checking for stdlib.h
configure:9247: gcc -c -g -O2  conftest.c >&5
configure:9247: $? = 0
configure:9247: result: yes
configure:9247: checking for string.h
configure:9247: gcc -c -g -O2  conftest.c >&5
configure:9247: $? = 0
configure:9247: result: yes
configure:9247: checking for memory.h
configure:9247: gcc -c -g -O2  conftest.c >&5
configure:9247: $? = 0
configure:9247: result: yes
configure:9247: checking for strings.h
configure:9247: gcc -c -g -O2  conftest.c >&5
configure:9247: $? = 0
configure:9247: result: yes
configure:9247: checking for inttypes.h
configure:9247: gcc -c -g -O2  conftest.c >&5
configure:9247: $? = 0
configure:9247: result: yes
configure:9247: checking for stdint.h
configure:9247: gcc -c -g -O2  conftest.c >&5
configure:9247: $? = 0
configure:9247: result: yes
configure:9247: checking for unistd.h
configure:9247: gcc -c -g -O2  conftest.c >&5
configure:9247: $? = 0
configure:9247: result: yes
configure:9261: checking for dlfcn.h
configure:9261: gcc -c -g -O2  conftest.c >&5
configure:9261: $? = 0
configure:9261: result: yes
configure:9386: checking for C++ compiler version
configure:9395: g++ --version >&5
g++ (Debian 4.4.5-8) 4.4.5
Copyright (C) 2010 Free Software Foundation, Inc.
This is free software; see the source for copying conditions.  There is NO
warranty; not even for MERCHANTABILITY or FITNESS FOR A PARTICULAR PURPOSE.

configure:9406: $? = 0
configure:9395: g++ -v >&5
Using built-in specs.
Target: i486-linux-gnu
Configured with: ../src/configure -v --with-pkgversion='Debian 4.4.5-8' --with-bugurl=file:///usr/share/doc/gcc-4.4/README.Bugs --enable-languages=c,c++,fortran,objc,obj-c++ --prefix=/usr --program-suffix=-4.4 --enable-shared --enable-multiarch --enable-linker-build-id --with-system-zlib --libexecdir=/usr/lib --without-included-gettext --enable-threads=posix --with-gxx-include-dir=/usr/include/c++/4.4 --libdir=/usr/lib --enable-nls --enable-clocale=gnu --enable-libstdcxx-debug --enable-objc-gc --enable-targets=all --with-arch-32=i586 --with-tune=generic --enable-checking=release --build=i486-linux-gnu --host=i486-linux-gnu --target=i486-linux-gnu
Thread model: posix
gcc version 4.4.5 (Debian 4.4.5-8) 
configure:9406: $? = 0
configure:9395: g++ -V >&5
g++: '-V' option must have argument
configure:9406: $? = 1
configure:9395: g++ -qversion >&5
g++: unrecognized option '-qversion'
g++: no input files
configure:9406: $? = 1
configure:9410: checking whether we are using the GNU C++ compiler
configure:9438: result: yes
configure:9447: checking whether g++ accepts -g
configure:9508: result: yes
configure:9533: checking dependency style of g++
configure:9643: result: gcc3
configure:9666: checking how to run the C++ preprocessor
configure:9693: g++ -E  conftest.cpp
configure:9693: $? = 0
configure:9707: g++ -E  conftest.cpp
conftest.cpp:23:28: error: ac_nonexistent.h: No such file or directory
configure:9707: $? = 1
configure: failed program was:
| /* confdefs.h */
| #define PACKAGE_NAME ""
| #define PACKAGE_TARNAME ""
| #define PACKAGE_VERSION ""
| #define PACKAGE_STRING ""
| #define PACKAGE_BUGREPORT ""
| #define PACKAGE_URL ""
| #define ENABLE_NLS 1
| #define HAVE_GETTEXT 1
| #define HAVE_DCGETTEXT 1
| #define STDC_HEADERS 1
| #define HAVE_SYS_TYPES_H 1
| #define HAVE_SYS_STAT_H 1
| #define HAVE_STDLIB_H 1
| #define HAVE_STRING_H 1
| #define HAVE_MEMORY_H 1
| #define HAVE_STRINGS_H 1
| #define HAVE_INTTYPES_H 1
| #define HAVE_STDINT_H 1
| #define HAVE_UNISTD_H 1
| #define HAVE_DLFCN_H 1
| /* end confdefs.h.  */
| #include <ac_nonexistent.h>
configure:9732: result: g++ -E
configure:9752: g++ -E  conftest.cpp
configure:9752: $? = 0
configure:9766: g++ -E  conftest.cpp
conftest.cpp:23:28: error: ac_nonexistent.h: No such file or directory
configure:9766: $? = 1
configure: failed program was:
| /* confdefs.h */
| #define PACKAGE_NAME ""
| #define PACKAGE_TARNAME ""
| #define PACKAGE_VERSION ""
| #define PACKAGE_STRING ""
| #define PACKAGE_BUGREPORT ""
| #define PACKAGE_URL ""
| #define ENABLE_NLS 1
| #define HAVE_GETTEXT 1
| #define HAVE_DCGETTEXT 1
| #define STDC_HEADERS 1
| #define HAVE_SYS_TYPES_H 1
| #define HAVE_SYS_STAT_H 1
| #define HAVE_STDLIB_H 1
| #define HAVE_STRING_H 1
| #define HAVE_MEMORY_H 1
| #define HAVE_STRINGS_H 1
| #define HAVE_INTTYPES_H 1
| #define HAVE_STDINT_H 1
| #define HAVE_UNISTD_H 1
| #define HAVE_DLFCN_H 1
| /* end confdefs.h.  */
| #include <ac_nonexistent.h>
configure:9972: checking for objdir
configure:9987: result: .libs
configure:10283: checking if gcc supports -fno-rtti -fno-exceptions
configure:10301: gcc -c -g -O2  -fno-rtti -fno-exceptions conftest.c >&5
cc1: warning: command line option "-fno-rtti" is valid for C++/ObjC++ but not for C
configure:10305: $? = 0
configure:10318: result: no
configure:10338: checking for gcc option to produce PIC
configure:10610: result: -fPIC -DPIC
configure:10622: checking if gcc PIC flag -fPIC -DPIC works
configure:10640: gcc -c -g -O2  -fPIC -DPIC -DPIC conftest.c >&5
configure:10644: $? = 0
configure:10657: result: yes
configure:10681: checking if gcc static flag -static works
configure:10709: result: yes
configure:10724: checking if gcc supports -c -o file.o
configure:10745: gcc -c -g -O2  -o out/conftest2.o conftest.c >&5
configure:10749: $? = 0
configure:10771: result: yes
configure:10779: checking if gcc supports -c -o file.o
configure:10826: result: yes
configure:10859: checking whether the gcc linker (/usr/bin/ld) supports shared libraries
configure:11850: result: yes
configure:11887: checking whether -lc should be explicitly linked in
configure:11892: gcc -c -g -O2  conftest.c >&5
configure:11895: $? = 0
configure:11910: gcc -shared conftest.o  -v -Wl,-soname -Wl,conftest -o conftest 2\>\&1 \| /bin/grep  -lc  \>/dev/null 2\>\&1
configure:11913: $? = 0
configure:11925: result: no
configure:12089: checking dynamic linker characteristics
configure:12522: gcc -o conftest -g -O2   -Wl,-rpath -Wl,/foo conftest.c  >&5
configure:12522: $? = 0
configure:12752: result: GNU/Linux ld.so
configure:12854: checking how to hardcode library paths into programs
configure:12879: result: immediate
configure:13399: checking whether stripping libraries is possible
configure:13404: result: yes
configure:13439: checking if libtool supports shared libraries
configure:13441: result: yes
configure:13444: checking whether to build shared libraries
configure:13465: result: yes
configure:13468: checking whether to build static libraries
configure:13472: result: yes
configure:13622: checking for ld used by g++
configure:13689: result: /usr/bin/ld
configure:13696: checking if the linker (/usr/bin/ld) is GNU ld
configure:13711: result: yes
configure:13766: checking whether the g++ linker (/usr/bin/ld) supports shared libraries
configure:14679: result: yes
configure:14707: g++ -c -g -O2  conftest.cpp >&5
configure:14710: $? = 0
configure:14892: checking for g++ option to produce PIC
configure:15209: result: -fPIC -DPIC
configure:15218: checking if g++ PIC flag -fPIC -DPIC works
configure:15236: g++ -c -g -O2  -fPIC -DPIC -DPIC conftest.cpp >&5
configure:15240: $? = 0
configure:15253: result: yes
configure:15274: checking if g++ static flag -static works
configure:15302: result: yes
configure:15314: checking if g++ supports -c -o file.o
configure:15335: g++ -c -g -O2  -o out/conftest2.o conftest.cpp >&5
configure:15339: $? = 0
configure:15361: result: yes
configure:15366: checking if g++ supports -c -o file.o
configure:15413: result: yes
configure:15443: checking whether the g++ linker (/usr/bin/ld) supports shared libraries
configure:15472: result: yes
configure:15609: checking dynamic linker characteristics
configure:15990: g++ -o conftest -g -O2   -Wl,-rpath -Wl,/foo conftest.cpp  >&5
configure:15990: $? = 0
configure:16220: result: GNU/Linux ld.so
configure:16271: checking how to hardcode library paths into programs
configure:16296: result: immediate
configure:16386: checking wxWidgets version
configure:16388: result: 2.8.10
configure:16419: checking GTK2.0 version
configure:16421: result: 2.20.1
configure:16447: checking GLIB2.0 version
configure:16449: result: 2.24.2
configure:16476: checking libssl version
configure:16478: result: 0.9.8o
configure:16502: checking X11/Intrinsic.h usability
configure:16502: gcc -c -g -O2 -Wall -g -Wunused -Wno-deprecated -Wmissing-prototypes -Wmissing-declarations  conftest.c >&5
configure:16502: $? = 0
configure:16502: result: yes
configure:16502: checking X11/Intrinsic.h presence
configure:16502: gcc -E  conftest.c
configure:16502: $? = 0
configure:16502: result: yes
configure:16502: checking for X11/Intrinsic.h
configure:16502: result: yes
configure:16516: checking X11/keysym.h usability
configure:16516: gcc -c -g -O2 -Wall -g -Wunused -Wno-deprecated -Wmissing-prototypes -Wmissing-declarations  conftest.c >&5
configure:16516: $? = 0
configure:16516: result: yes
configure:16516: checking X11/keysym.h presence
configure:16516: gcc -E  conftest.c
configure:16516: $? = 0
configure:16516: result: yes
configure:16516: checking for X11/keysym.h
configure:16516: result: yes
configure:16530: checking X11/Xaw/Viewport.h usability
configure:16530: gcc -c -g -O2 -Wall -g -Wunused -Wno-deprecated -Wmissing-prototypes -Wmissing-declarations  conftest.c >&5
configure:16530: $? = 0
configure:16530: result: yes
configure:16530: checking X11/Xaw/Viewport.h presence
configure:16530: gcc -E  conftest.c
configure:16530: $? = 0
configure:16530: result: yes
configure:16530: checking for X11/Xaw/Viewport.h
configure:16530: result: yes
configure:16544: checking X11/Xlib.h usability
configure:16544: gcc -c -g -O2 -Wall -g -Wunused -Wno-deprecated -Wmissing-prototypes -Wmissing-declarations  conftest.c >&5
configure:16544: $? = 0
configure:16544: result: yes
configure:16544: checking X11/Xlib.h presence
configure:16544: gcc -E  conftest.c
configure:16544: $? = 0
configure:16544: result: yes
configure:16544: checking for X11/Xlib.h
configure:16544: result: yes
configure:16558: checking jpeglib.h usability
configure:16558: gcc -c -g -O2 -Wall -g -Wunused -Wno-deprecated -Wmissing-prototypes -Wmissing-declarations  conftest.c >&5
configure:16558: $? = 0
configure:16558: result: yes
configure:16558: checking jpeglib.h presence
configure:16558: gcc -E  conftest.c
configure:16558: $? = 0
configure:16558: result: yes
configure:16558: checking for jpeglib.h
configure:16558: result: yes
configure:16570: checking for jpeg_CreateCompress in -ljpeg
configure:16595: gcc -o conftest -g -O2 -Wall -g -Wunused -Wno-deprecated -Wmissing-prototypes -Wmissing-declarations   conftest.c -ljpeg   >&5
configure:16595: $? = 0
configure:16604: result: yes
configure:16617: checking zlib.h usability
configure:16617: gcc -c -g -O2 -Wall -g -Wunused -Wno-deprecated -Wmissing-prototypes -Wmissing-declarations  conftest.c >&5
configure:16617: $? = 0
configure:16617: result: yes
configure:16617: checking zlib.h presence
configure:16617: gcc -E  conftest.c
configure:16617: $? = 0
configure:16617: result: yes
configure:16617: checking for zlib.h
configure:16617: result: yes
configure:16629: checking for crc32 in -lz
configure:16654: gcc -o conftest -g -O2 -Wall -g -Wunused -Wno-deprecated -Wmissing-prototypes -Wmissing-declarations   conftest.c -lz  -ljpeg  >&5
configure:16654: $? = 0
configure:16663: result: yes
configure:16805: creating ./config.status

## ---------------------- ##
## Running config.status. ##
## ---------------------- ##

This file was extended by config.status, which was
generated by GNU Autoconf 2.67.  Invocation command line was

  CONFIG_FILES    = 
  CONFIG_HEADERS  = 
  CONFIG_LINKS    = 
  CONFIG_COMMANDS = 
  $ ./config.status 

on satelite

config.status:1176: creating po/Makefile.in
config.status:1176: creating Makefile
config.status:1176: creating src/Makefile
config.status:1176: creating icons/Makefile
config.status:1176: creating desktop/Makefile
config.status:1176: creating doc/Makefile
config.status:1176: creating src/config.hpp
config.status:1356: src/config.hpp is unchanged
config.status:1404: executing po-directories commands
config.status:1404: executing depfiles commands
config.status:1404: executing libtool commands

## ---------------- ##
## Cache variables. ##
## ---------------- ##

ac_cv_build=i686-pc-linux-gnu
ac_cv_c_compiler_gnu=yes
ac_cv_cxx_compiler_gnu=yes
ac_cv_env_CCC_set=
ac_cv_env_CCC_value=
ac_cv_env_CC_set=
ac_cv_env_CC_value=
ac_cv_env_CFLAGS_set=
ac_cv_env_CFLAGS_value=
ac_cv_env_CPPFLAGS_set=
ac_cv_env_CPPFLAGS_value=
ac_cv_env_CPP_set=
ac_cv_env_CPP_value=
ac_cv_env_CXXCPP_set=
ac_cv_env_CXXCPP_value=
ac_cv_env_CXXFLAGS_set=
ac_cv_env_CXXFLAGS_value=
ac_cv_env_CXX_set=
ac_cv_env_CXX_value=
ac_cv_env_LDFLAGS_set=
ac_cv_env_LDFLAGS_value=
ac_cv_env_LIBS_set=
ac_cv_env_LIBS_value=
ac_cv_env_build_alias_set=
ac_cv_env_build_alias_value=
ac_cv_env_host_alias_set=
ac_cv_env_host_alias_value=
ac_cv_env_target_alias_set=
ac_cv_env_target_alias_value=
ac_cv_header_X11_Intrinsic_h=yes
ac_cv_header_X11_Xaw_Viewport_h=yes
ac_cv_header_X11_Xlib_h=yes
ac_cv_header_X11_keysym_h=yes
ac_cv_header_dlfcn_h=yes
ac_cv_header_inttypes_h=yes
ac_cv_header_jpeglib_h=yes
ac_cv_header_memory_h=yes
ac_cv_header_stdc=yes
ac_cv_header_stdint_h=yes
ac_cv_header_stdlib_h=yes
ac_cv_header_string_h=yes
ac_cv_header_strings_h=yes
ac_cv_header_sys_stat_h=yes
ac_cv_header_sys_types_h=yes
ac_cv_header_unistd_h=yes
ac_cv_header_zlib_h=yes
ac_cv_host=i686-pc-linux-gnu
ac_cv_lib_jpeg_jpeg_CreateCompress=yes
ac_cv_lib_z_crc32=yes
ac_cv_objext=o
ac_cv_path_EGREP='/bin/grep -E'
ac_cv_path_FGREP='/bin/grep -F'
ac_cv_path_GMSGFMT=/usr/bin/msgfmt
ac_cv_path_GREP=/bin/grep
ac_cv_path_MSGFMT=/usr/bin/msgfmt
ac_cv_path_MSGMERGE=/usr/bin/msgmerge
ac_cv_path_SED=/bin/sed
ac_cv_path_XGETTEXT=/usr/bin/xgettext
ac_cv_path_install='/usr/bin/install -c'
ac_cv_path_mkdir=/bin/mkdir
ac_cv_prog_AWK=gawk
ac_cv_prog_CPP='gcc -E'
ac_cv_prog_CXXCPP='g++ -E'
ac_cv_prog_ac_ct_AR=ar
ac_cv_prog_ac_ct_CC=gcc
ac_cv_prog_ac_ct_CXX=g++
ac_cv_prog_ac_ct_OBJDUMP=objdump
ac_cv_prog_ac_ct_RANLIB=ranlib
ac_cv_prog_ac_ct_STRIP=strip
ac_cv_prog_cc_c89=
ac_cv_prog_cc_g=yes
ac_cv_prog_cxx_g=yes
ac_cv_prog_make_make_set=yes
acl_cv_hardcode_direct=no
acl_cv_hardcode_libdir_flag_spec='${wl}-rpath ${wl}$libdir'
acl_cv_hardcode_libdir_separator=
acl_cv_hardcode_minus_L=no
acl_cv_libext=a
acl_cv_libname_spec='lib$name'
acl_cv_library_names_spec='$libname$shrext'
acl_cv_path_LD=/usr/bin/ld
acl_cv_prog_gnu_ld=yes
acl_cv_rpath=done
acl_cv_shlibext=so
acl_cv_wl=-Wl,
am_cv_CC_dependencies_compiler_type=gcc3
am_cv_CXX_dependencies_compiler_type=gcc3
gt_cv_func_CFLocaleCopyCurrent=no
gt_cv_func_CFPreferencesCopyAppValue=no
gt_cv_func_gnugettext1_libc=yes
lt_cv_deplibs_check_method=pass_all
lt_cv_file_magic_cmd='$MAGIC_CMD'
lt_cv_file_magic_test_file=
lt_cv_ld_reload_flag=-r
lt_cv_nm_interface='BSD nm'
lt_cv_objdir=.libs
lt_cv_path_LD=/usr/bin/ld
lt_cv_path_LDCXX=/usr/bin/ld
lt_cv_path_NM='/usr/bin/nm -B'
lt_cv_prog_compiler_c_o=yes
lt_cv_prog_compiler_c_o_CXX=yes
lt_cv_prog_compiler_pic_works=yes
lt_cv_prog_compiler_pic_works_CXX=yes
lt_cv_prog_compiler_rtti_exceptions=no
lt_cv_prog_compiler_static_works=yes
lt_cv_prog_compiler_static_works_CXX=yes
lt_cv_prog_gnu_ld=yes
lt_cv_prog_gnu_ldcxx=yes
lt_cv_sys_global_symbol_pipe='sed -n -e '\''s/^.*[	 ]\([ABCDGIRSTW][ABCDGIRSTW]*\)[	 ][	 ]*\([_A-Za-z][_A-Za-z0-9]*\)$/\1 \2 \2/p'\'''
lt_cv_sys_global_symbol_to_c_name_address='sed -n -e '\''s/^: \([^ ]*\) $/  {\"\1\", (void *) 0},/p'\'' -e '\''s/^[ABCDGIRSTW]* \([^ ]*\) \([^ ]*\)$/  {"\2", (void *) \&\2},/p'\'''
lt_cv_sys_global_symbol_to_c_name_address_lib_prefix='sed -n -e '\''s/^: \([^ ]*\) $/  {\"\1\", (void *) 0},/p'\'' -e '\''s/^[ABCDGIRSTW]* \([^ ]*\) \(lib[^ ]*\)$/  {"\2", (void *) \&\2},/p'\'' -e '\''s/^[ABCDGIRSTW]* \([^ ]*\) \([^ ]*\)$/  {"lib\2", (void *) \&\2},/p'\'''
lt_cv_sys_global_symbol_to_cdecl='sed -n -e '\''s/^T .* \(.*\)$/extern int \1();/p'\'' -e '\''s/^[ABCDGIRSTW]* .* \(.*\)$/extern char \1;/p'\'''
lt_cv_sys_max_cmd_len=1572864

## ----------------- ##
## Output variables. ##
## ----------------- ##

ACLOCAL='${SHELL} /tmp/rdpdesk/missing --run aclocal-1.11'
AMDEPBACKSLASH='\'
AMDEP_FALSE='#'
AMDEP_TRUE=''
AMTAR='${SHELL} /tmp/rdpdesk/missing --run tar'
AR='ar'
AUTOCONF='${SHELL} /tmp/rdpdesk/missing --run autoconf'
AUTOHEADER='${SHELL} /tmp/rdpdesk/missing --run autoheader'
AUTOMAKE='${SHELL} /tmp/rdpdesk/missing --run automake-1.11'
AWK='gawk'
CC='gcc'
CCDEPMODE='depmode=gcc3'
CFLAGS='-g -O2 -Wall -g -Wunused -Wno-deprecated -Wmissing-prototypes -Wmissing-declarations'
CPP='gcc -E'
CPPFLAGS=''
CXX='g++'
CXXCPP='g++ -E'
CXXDEPMODE='depmode=gcc3'
CXXFLAGS=' -Wall -g -Wunused -Wno-deprecated -Wmissing-declarations'
CYGPATH_W='echo'
DEFS='-DHAVE_CONFIG_H'
DEPDIR='.deps'
DSYMUTIL=''
DUMPBIN=''
ECHO_C=''
ECHO_N='-n'
ECHO_T=''
EGREP='/bin/grep -E'
EXEEXT=''
FGREP='/bin/grep -F'
GETTEXT_MACRO_VERSION='0.18'
GMSGFMT='/usr/bin/msgfmt'
GMSGFMT_015='/usr/bin/msgfmt'
GREP='/bin/grep'
GTK2_INCLUDE='-pthread -I/usr/include/gtk-2.0 -I/usr/lib/gtk-2.0/include -I/usr/include/atk-1.0 -I/usr/include/cairo -I/usr/include/pango-1.0 -I/usr/include/gio-unix-2.0/ -I/usr/include/pixman-1 -I/usr/include/freetype2 -I/usr/include/libpng12 -I/usr/include/glib-2.0 -I/usr/lib/glib-2.0/include  '
GTK2_LIBS='-lglib-2.0  '
INSTALL_DATA='${INSTALL} -m 644'
INSTALL_PROGRAM='${INSTALL}'
INSTALL_SCRIPT='${INSTALL}'
INSTALL_STRIP_PROGRAM='$(install_sh) -c -s'
INTLLIBS=''
INTL_MACOSX_LIBS=''
LD='/usr/bin/ld'
LDFLAGS=''
LIBICONV='-liconv'
LIBINTL=''
LIBOBJS=''
LIBS='-lz -ljpeg '
LIBTOOL='$(SHELL) $(top_builddir)/libtool'
LIPO=''
LN_S='ln -s'
LTLIBICONV='-liconv'
LTLIBINTL=''
LTLIBOBJS=''
MAKEINFO='${SHELL} /tmp/rdpdesk/missing --run makeinfo'
MKDIR_P='/bin/mkdir -p'
MSGFMT='/usr/bin/msgfmt'
MSGFMT_015='/usr/bin/msgfmt'
MSGMERGE='/usr/bin/msgmerge'
NM='/usr/bin/nm -B'
NMEDIT=''
OBJDUMP='objdump'
OBJEXT='o'
OTOOL64=''
OTOOL=''
PACKAGE='rdpdesk'
PACKAGE_BUGREPORT=''
PACKAGE_NAME=''
PACKAGE_STRING=''
PACKAGE_TARNAME=''
PACKAGE_URL=''
PACKAGE_VERSION=''
PATH_SEPARATOR=':'
POSUB='po'
RANLIB='ranlib'
SED='/bin/sed'
SET_MAKE=''
SHELL='/bin/bash'
SSL_LIBS='-lssl  '
STRIP='strip'
USE_NLS='yes'
VERSION='0.1'
WX_CXXFLAGS='-I/usr/lib/wx/include/gtk2-unicode-release-2.8 -I/usr/include/wx-2.8 -D_FILE_OFFSET_BITS=64 -D_LARGE_FILES -D__WXGTK__ -pthread '
WX_LIBS='-pthread   -lwx_gtk2u_richtext-2.8 -lwx_gtk2u_aui-2.8 -lwx_gtk2u_xrc-2.8 -lwx_gtk2u_qa-2.8 -lwx_gtk2u_html-2.8 -lwx_gtk2u_adv-2.8 -lwx_gtk2u_core-2.8 -lwx_baseu_xml-2.8 -lwx_baseu_net-2.8 -lwx_baseu-2.8 '
XGETTEXT='/usr/bin/xgettext'
XGETTEXT_015='/usr/bin/xgettext'
XGETTEXT_EXTRA_OPTIONS=''
ac_ct_CC='gcc'
ac_ct_CXX='g++'
ac_ct_DUMPBIN=''
am__EXEEXT_FALSE=''
am__EXEEXT_TRUE='#'
am__fastdepCC_FALSE='#'
am__fastdepCC_TRUE=''
am__fastdepCXX_FALSE='#'
am__fastdepCXX_TRUE=''
am__include='include'
am__isrc=''
am__leading_dot='.'
am__quote=''
am__tar='${AMTAR} chof - "$$tardir"'
am__untar='${AMTAR} xf -'
bindir='${exec_prefix}/bin'
build='i686-pc-linux-gnu'
build_alias=''
build_cpu='i686'
build_os='linux-gnu'
build_vendor='pc'
datadir='${datarootdir}'
datarootdir='${prefix}/share'
docdir='${datarootdir}/doc/${PACKAGE}'
dvidir='${docdir}'
exec_prefix='${prefix}'
host='i686-pc-linux-gnu'
host_alias=''
host_cpu='i686'
host_os='linux-gnu'
host_vendor='pc'
htmldir='${docdir}'
includedir='${prefix}/include'
infodir='${datarootdir}/info'
install_sh='${SHELL} /tmp/rdpdesk/install-sh'
libdir='${exec_prefix}/lib'
libexecdir='${exec_prefix}/libexec'
localedir='${datarootdir}/locale'
localstatedir='${prefix}/var'
lt_ECHO='echo'
mandir='${datarootdir}/man'
mkdir_p='/bin/mkdir -p'
oldincludedir='/usr/include'
pdfdir='${docdir}'
prefix='/usr/local'
program_transform_name='s,x,x,'
psdir='${docdir}'
sbindir='${exec_prefix}/sbin'
sharedstatedir='${prefix}/com'
sysconfdir='${prefix}/etc'
target_alias=''

## ----------- ##
## confdefs.h. ##
## ----------- ##

/* confdefs.h */
#define PACKAGE_NAME ""
#define PACKAGE_TARNAME ""
#define PACKAGE_VERSION ""
#define PACKAGE_STRING ""
#define PACKAGE_BUGREPORT ""
#define PACKAGE_URL ""
#define ENABLE_NLS 1
#define HAVE_GETTEXT 1
#define HAVE_DCGETTEXT 1
#define STDC_HEADERS 1
#define HAVE_SYS_TYPES_H 1
#define HAVE_SYS_STAT_H 1
#define HAVE_STDLIB_H 1
#define HAVE_STRING_H 1
#define HAVE_MEMORY_H 1
#define HAVE_STRINGS_H 1
#define HAVE_INTTYPES_H 1
#define HAVE_STDINT_H 1
#define HAVE_UNISTD_H 1
#define HAVE_DLFCN_H 1
#define LT_OBJDIR ".libs/"
#define HAVE_X11_INTRINSIC_H 1
#define HAVE_X11_KEYSYM_H 1
#define HAVE_X11_XAW_VIEWPORT_H 1
#define HAVE_X11_XLIB_H 1
#define HAVE_JPEGLIB_H 1
#define HAVE_LIBJPEG 1
#define HAVE_ZLIB_H 1
#define HAVE_LIBZ 1

configure: exit 0
